현재 시간은 Fri Feb 20 2026 11:46:15 GMT+0900 (대한민국 표준시)
현재 시간은 Fri Feb 20 2026 11:48:58 GMT+0900 (대한민국 표준시)
현재 시간은 Fri Feb 20 2026 11:49:01 GMT+0900 (대한민국 표준시)
현재 시간은 Fri Feb 20 2026 11:49:07 GMT+0900 (대한민국 표준시)
현재 시간은 Fri Feb 20 2026 11:51:19 GMT+0900 (대한민국 표준시)
Hong
글번호: 1, 글제목 1번글제목
글번호: 2, 글제목 2번글제목

현재시간에 실행
현재시간에 실행
현재시간에 실행
현재시간에 실행
현재시간에 실행
현재시간에 실행
현재시간에 실행
현재시간에 실행
현재시간에 실행
Fri Feb 20 2026 13:14:39 GMT+0900 (대한민국 표준시)실행
Fri Feb 20 2026 13:14:40 GMT+0900 (대한민국 표준시)실행
Fri Feb 20 2026 13:14:41 GMT+0900 (대한민국 표준시)실행
Fri Feb 20 2026 13:14:42 GMT+0900 (대한민국 표준시)실행
Fri Feb 20 2026 13:14:43 GMT+0900 (대한민국 표준시)실행
Fri Feb 20 2026 13:14:44 GMT+0900 (대한민국 표준시)실행
Fri Feb 20 2026 13:14:45 GMT+0900 (대한민국 표준시)실행
Fri Feb 20 2026 13:14:46 GMT+0900 (대한민국 표준시)실행
Fri Feb 20 2026 13:14:47 GMT+0900 (대한민국 표준시)실행
