2026-02-25 09:19:03 [INFO]: 사용자 로그인 성공
2026-02-25 09:19:03 [WARN]: 비정상적인 접근 시도 감지
2026-02-25 09:19:03 [ERROR]: 데이터베이스 연결 오류 발생!
2026-02-25 12:21:05 [INFO]: cron job 실행
2026-02-25 12:22:05 [INFO]: cron job 실행
2026-02-25 12:22:20 [INFO]: cron job 실행
2026-02-25 12:22:25 [INFO]: cron job 실행
2026-02-25 12:22:30 [INFO]: cron job 실행
2026-02-25 12:22:35 [INFO]: cron job 실행
2026-02-25 12:22:40 [INFO]: cron job 실행
2026-02-25 12:22:45 [INFO]: cron job 실행
2026-02-25 12:22:50 [INFO]: cron job 실행
2026-02-25 12:22:55 [INFO]: cron job 실행
2026-02-25 12:23:00 [INFO]: cron job 실행
2026-02-25 12:23:05 [INFO]: cron job 실행
2026-02-25 12:27:20 [INFO]: 메일 발송.
2026-02-25 12:27:30 [INFO]: 메일 발송.
2026-02-25 12:27:40 [INFO]: 메일 발송.
2026-02-25 12:28:00 [INFO]: 메일 발송.
2026-02-25 12:28:10 [INFO]: 메일 발송.
2026-02-25 12:28:20 [INFO]: 메일 발송.
2026-02-25 12:28:40 [INFO]: 메일 발송.
2026-02-25 12:28:50 [INFO]: 메일 발송.
